<?xml version="1.0" encoding="UTF-8"?>
<!-- Generated by org.testng.reporters.JUnitReportReporter -->
<testsuite hostname="Art-Samir" failures="0" tests="7" name="restAssured.CryptoCurrency" time="15.316" errors="0" timestamp="2024-07-08T16:35:08 IST" skipped="0">
  <testcase classname="restAssured.CryptoCurrency" name="registerUser" time="8.442"/>
  <system-out/>
  <testcase classname="restAssured.CryptoCurrency" name="LoginUser" time="1.369"/>
  <system-out/>
  <testcase classname="restAssured.CryptoCurrency" name="RetrieveTrans" time="1.314"/>
  <system-out/>
  <testcase classname="restAssured.CryptoCurrency" name="ListOfTransaction" time="1.126"/>
  <system-out/>
  <testcase classname="restAssured.CryptoCurrency" name="transferETH" time="1.023"/>
  <system-out/>
  <testcase classname="restAssured.CryptoCurrency" name="calculateETH" time="1.017"/>
  <system-out/>
  <testcase classname="restAssured.CryptoCurrency" name="currencyRates" time="1.025"/>
  <system-out/>
</testsuite> <!-- restAssured.CryptoCurrency -->
